<?xml version="1.0" encoding="UTF-8"?>
<!-- Generated by org.testng.reporters.JUnitXMLReporter -->
<testsuite hostname="ncherkasov" name="Test1" tests="3" failures="0" timestamp="15 Jul 2015 14:43:47 GMT" time="14.065" errors="0">
  <testcase name="testUntitled" time="2.935" classname="selenium_training.CreateDescription"/>
  <testcase name="testUntitled" time="1.796" classname="selenium_training.CreateDescriptionNegative"/>
  <testcase name="testUntitled" time="2.871" classname="selenium_training.DeleteDescription"/>
</testsuite> <!-- Test1 -->
