<?xml version="1.0" encoding="UTF-8"?>
<!-- Generated by org.testng.reporters.JUnitXMLReporter -->
<testsuite hostname="Shepard" name="Test1" tests="3" failures="0" timestamp="14 Jul 2015 22:00:49 GMT" time="12.017" errors="0">
  <testcase name="testUntitled" time="2.874" classname="cherkasov_learning.CreateDescription"/>
  <testcase name="testUntitled" time="1.849" classname="cherkasov_learning.CreateDescriptionInvalid"/>
  <testcase name="testUntitled" time="1.858" classname="cherkasov_learning.DescriptionDelete"/>
</testsuite> <!-- Test1 -->
