<?xml version="1.0" encoding="UTF-8"?>
<testng-results skipped="0" failed="0" total="1" passed="1">
  <reporter-output>
  </reporter-output>
  <suite name="Default suite" duration-ms="7299" started-at="2015-07-16T16:55:57Z" finished-at="2015-07-16T16:56:04Z">
    <groups>
    </groups>
    <test name="Default test" duration-ms="7299" started-at="2015-07-16T16:55:57Z" finished-at="2015-07-16T16:56:04Z">
      <class name="selenium_training.FindSomething">
        <test-method status="PASS" signature="init()[pri:0, instance:selenium_training.FindSomething@4ddb1314]" name="init" is-config="true" duration-ms="5280" started-at="2015-07-16T19:55:57Z" finished-at="2015-07-16T19:56:02Z">
          <reporter-output>
          </reporter-output>
        </test-method> <!-- init -->
        <test-method status="PASS" signature="testUntitled()[pri:0, instance:selenium_training.FindSomething@4ddb1314]" name="testUntitled" duration-ms="2019" started-at="2015-07-16T19:56:02Z" finished-at="2015-07-16T19:56:04Z">
          <reporter-output>
          </reporter-output>
        </test-method> <!-- testUntitled -->
        <test-method status="PASS" signature="tearDown()[pri:0, instance:selenium_training.FindSomething@4ddb1314]" name="tearDown" is-config="true" duration-ms="486" started-at="2015-07-16T19:56:04Z" finished-at="2015-07-16T19:56:04Z">
          <reporter-output>
          </reporter-output>
        </test-method> <!-- tearDown -->
      </class> <!-- selenium_training.FindSomething -->
    </test> <!-- Default test -->
  </suite> <!-- Default suite -->
</testng-results>
