<?xml version="1.0" encoding="UTF-8"?>
<testng-results skipped="0" failed="0" total="1" passed="1">
  <reporter-output>
  </reporter-output>
  <suite name="Default suite" duration-ms="6253" started-at="2015-06-30T12:31:54Z" finished-at="2015-06-30T12:32:00Z">
    <groups>
    </groups>
    <test name="Default test" duration-ms="6253" started-at="2015-06-30T12:31:54Z" finished-at="2015-06-30T12:32:00Z">
      <class name="cherkasov_learning.LoginTest">
        <test-method status="PASS" signature="init()[pri:0, instance:cherkasov_learning.LoginTest@54031f94]" name="init" is-config="true" duration-ms="6238" started-at="2015-06-30T15:31:54Z" finished-at="2015-06-30T15:32:00Z">
          <reporter-output>
          </reporter-output>
        </test-method> <!-- init -->
        <test-method status="PASS" signature="testUntitled()[pri:0, instance:cherkasov_learning.LoginTest@54031f94]" name="testUntitled" duration-ms="4" started-at="2015-06-30T15:32:00Z" finished-at="2015-06-30T15:32:00Z">
          <reporter-output>
          </reporter-output>
        </test-method> <!-- testUntitled -->
        <test-method status="PASS" signature="tearDown()[pri:0, instance:cherkasov_learning.LoginTest@54031f94]" name="tearDown" is-config="true" duration-ms="377" started-at="2015-06-30T15:32:00Z" finished-at="2015-06-30T15:32:01Z">
          <reporter-output>
          </reporter-output>
        </test-method> <!-- tearDown -->
      </class> <!-- cherkasov_learning.LoginTest -->
    </test> <!-- Default test -->
  </suite> <!-- Default suite -->
</testng-results>
