<?xml version="1.0" encoding="UTF-8"?>
<testng-results skipped="0" failed="0" total="1" passed="1">
  <reporter-output>
  </reporter-output>
  <suite name="Tests" duration-ms="5390" started-at="2015-06-30T12:38:34Z" finished-at="2015-06-30T12:38:39Z">
    <groups>
    </groups>
    <test name="Test1" duration-ms="5390" started-at="2015-06-30T12:38:34Z" finished-at="2015-06-30T12:38:39Z">
      <class name="cherkasov_learning.LoginTest">
        <test-method status="PASS" signature="init()[pri:0, instance:cherkasov_learning.LoginTest@78e000bb]" name="init" is-config="true" duration-ms="5381" started-at="2015-06-30T15:38:34Z" finished-at="2015-06-30T15:38:39Z">
          <reporter-output>
          </reporter-output>
        </test-method> <!-- init -->
        <test-method status="PASS" signature="testUntitled()[pri:0, instance:cherkasov_learning.LoginTest@78e000bb]" name="testUntitled" duration-ms="1" started-at="2015-06-30T15:38:39Z" finished-at="2015-06-30T15:38:39Z">
          <reporter-output>
          </reporter-output>
        </test-method> <!-- testUntitled -->
        <test-method status="PASS" signature="tearDown()[pri:0, instance:cherkasov_learning.LoginTest@78e000bb]" name="tearDown" is-config="true" duration-ms="364" started-at="2015-06-30T15:38:40Z" finished-at="2015-06-30T15:38:40Z">
          <reporter-output>
          </reporter-output>
        </test-method> <!-- tearDown -->
      </class> <!-- cherkasov_learning.LoginTest -->
    </test> <!-- Test1 -->
  </suite> <!-- Tests -->
</testng-results>
