<?xml version="1.0" encoding="UTF-8"?>
<testng-results skipped="0" failed="0" total="2" passed="2">
  <reporter-output>
  </reporter-output>
  <suite name="Default suite" duration-ms="11143" started-at="2015-07-23T18:03:34Z" finished-at="2015-07-23T18:03:45Z">
    <groups>
    </groups>
    <test name="Default test" duration-ms="11143" started-at="2015-07-23T18:03:34Z" finished-at="2015-07-23T18:03:45Z">
      <class name="selenium_training.LoginTest">
        <test-method status="PASS" signature="init()[pri:0, instance:selenium_training.LoginTest@50ef2f9f]" name="init" is-config="true" duration-ms="6661" started-at="2015-07-23T21:03:34Z" finished-at="2015-07-23T21:03:41Z">
          <reporter-output>
          </reporter-output>
        </test-method> <!-- init -->
        <test-method status="PASS" signature="mayBeLogout()[pri:0, instance:selenium_training.LoginTest@50ef2f9f]" name="mayBeLogout" is-config="true" duration-ms="50" started-at="2015-07-23T21:03:41Z" finished-at="2015-07-23T21:03:41Z">
          <reporter-output>
          </reporter-output>
        </test-method> <!-- mayBeLogout -->
        <test-method status="PASS" signature="testLoginFailed()[pri:0, instance:selenium_training.LoginTest@50ef2f9f]" name="testLoginFailed" duration-ms="1692" started-at="2015-07-23T21:03:41Z" finished-at="2015-07-23T21:03:42Z">
          <reporter-output>
          </reporter-output>
        </test-method> <!-- testLoginFailed -->
        <test-method status="PASS" signature="mayBeLogout()[pri:0, instance:selenium_training.LoginTest@50ef2f9f]" name="mayBeLogout" is-config="true" duration-ms="10" started-at="2015-07-23T21:03:42Z" finished-at="2015-07-23T21:03:42Z">
          <reporter-output>
          </reporter-output>
        </test-method> <!-- mayBeLogout -->
        <test-method status="PASS" signature="testLoginOK()[pri:0, instance:selenium_training.LoginTest@50ef2f9f]" name="testLoginOK" duration-ms="2720" started-at="2015-07-23T21:03:42Z" finished-at="2015-07-23T21:03:45Z">
          <reporter-output>
          </reporter-output>
        </test-method> <!-- testLoginOK -->
      </class> <!-- selenium_training.LoginTest -->
    </test> <!-- Default test -->
  </suite> <!-- Default suite -->
</testng-results>
