<?xml version="1.0" encoding="UTF-8"?>
<testng-results skipped="0" failed="0" total="1" passed="1">
  <reporter-output>
  </reporter-output>
  <suite name="Default suite" duration-ms="7665" started-at="2015-07-14T21:58:34Z" finished-at="2015-07-14T21:58:41Z">
    <groups>
    </groups>
    <test name="Default test" duration-ms="7665" started-at="2015-07-14T21:58:34Z" finished-at="2015-07-14T21:58:41Z">
      <class name="cherkasov_learning.DescriptionDelete">
        <test-method status="PASS" signature="init()[pri:0, instance:cherkasov_learning.DescriptionDelete@3fc3530c]" name="init" is-config="true" duration-ms="5293" started-at="2015-07-15T00:58:34Z" finished-at="2015-07-15T00:58:39Z">
          <reporter-output>
          </reporter-output>
        </test-method> <!-- init -->
        <test-method status="PASS" signature="testUntitled()[pri:0, instance:cherkasov_learning.DescriptionDelete@3fc3530c]" name="testUntitled" duration-ms="2361" started-at="2015-07-15T00:58:39Z" finished-at="2015-07-15T00:58:41Z">
          <reporter-output>
          </reporter-output>
        </test-method> <!-- testUntitled -->
        <test-method status="PASS" signature="tearDown()[pri:0, instance:cherkasov_learning.DescriptionDelete@3fc3530c]" name="tearDown" is-config="true" duration-ms="534" started-at="2015-07-15T00:58:41Z" finished-at="2015-07-15T00:58:42Z">
          <reporter-output>
          </reporter-output>
        </test-method> <!-- tearDown -->
      </class> <!-- cherkasov_learning.DescriptionDelete -->
    </test> <!-- Default test -->
  </suite> <!-- Default suite -->
</testng-results>
