<?xml version="1.0" encoding="UTF-8"?>
<testng-results skipped="0" failed="0" total="3" passed="3">
  <reporter-output>
  </reporter-output>
  <suite name="Tests" duration-ms="12017" started-at="2015-07-14T22:00:37Z" finished-at="2015-07-14T22:00:49Z">
    <groups>
    </groups>
    <test name="Test1" duration-ms="12017" started-at="2015-07-14T22:00:37Z" finished-at="2015-07-14T22:00:49Z">
      <class name="cherkasov_learning.CreateDescriptionInvalid">
        <test-method status="PASS" signature="init()[pri:0, instance:cherkasov_learning.CreateDescriptionInvalid@2fee9422]" name="init" is-config="true" duration-ms="200" started-at="2015-07-15T01:00:45Z" finished-at="2015-07-15T01:00:45Z">
          <reporter-output>
          </reporter-output>
        </test-method> <!-- init -->
        <test-method status="PASS" signature="testUntitled()[pri:0, instance:cherkasov_learning.CreateDescriptionInvalid@2fee9422]" name="testUntitled" duration-ms="1849" started-at="2015-07-15T01:00:45Z" finished-at="2015-07-15T01:00:47Z">
          <reporter-output>
          </reporter-output>
        </test-method> <!-- testUntitled -->
        <test-method status="PASS" signature="tearDown()[pri:0, instance:cherkasov_learning.CreateDescriptionInvalid@2fee9422]" name="tearDown" is-config="true" duration-ms="636" started-at="2015-07-15T01:00:49Z" finished-at="2015-07-15T01:00:50Z">
          <reporter-output>
          </reporter-output>
        </test-method> <!-- tearDown -->
      </class> <!-- cherkasov_learning.CreateDescriptionInvalid -->
      <class name="cherkasov_learning.DescriptionDelete">
        <test-method status="PASS" signature="init()[pri:0, instance:cherkasov_learning.DescriptionDelete@1f213e42]" name="init" is-config="true" duration-ms="362" started-at="2015-07-15T01:00:47Z" finished-at="2015-07-15T01:00:47Z">
          <reporter-output>
          </reporter-output>
        </test-method> <!-- init -->
        <test-method status="PASS" signature="testUntitled()[pri:0, instance:cherkasov_learning.DescriptionDelete@1f213e42]" name="testUntitled" duration-ms="1858" started-at="2015-07-15T01:00:47Z" finished-at="2015-07-15T01:00:49Z">
          <reporter-output>
          </reporter-output>
        </test-method> <!-- testUntitled -->
      </class> <!-- cherkasov_learning.DescriptionDelete -->
      <class name="cherkasov_learning.CreateDescription">
        <test-method status="PASS" signature="init()[pri:0, instance:cherkasov_learning.CreateDescription@3f7e6f05]" name="init" is-config="true" duration-ms="4863" started-at="2015-07-15T01:00:37Z" finished-at="2015-07-15T01:00:42Z">
          <reporter-output>
          </reporter-output>
        </test-method> <!-- init -->
        <test-method status="PASS" signature="testUntitled()[pri:0, instance:cherkasov_learning.CreateDescription@3f7e6f05]" name="testUntitled" duration-ms="2874" started-at="2015-07-15T01:00:42Z" finished-at="2015-07-15T01:00:45Z">
          <reporter-output>
          </reporter-output>
        </test-method> <!-- testUntitled -->
      </class> <!-- cherkasov_learning.CreateDescription -->
    </test> <!-- Test1 -->
  </suite> <!-- Tests -->
</testng-results>
